Sat Jun 03 11:03:11 CEST 2017 : Server di rete Apache Derby: 10.11.1.2 - (1629631) avviato e pronto ad accettare connessioni sulla porta 1527
----------------------------------------------------------------
Sat Jun 03 11:23:30 CEST 2017:
Avvio della versione di Derby The Apache Software Foundation - Apache Derby - 10.11.1.2 - (1629631): istanza a816c00e-015c-6d31-9b89-ffff87c02619
sulla directory di database C:\Users\Laura\Desktop\Facoltà\AMM\milestone4\progettoAMM\NerdBook\web\WEB-INF\db\ammdb con caricatore classi sun.misc.Launcher$AppClassLoader@6f94fa3e 
Caricato da file:/C:/Program%20Files/Java/jdk1.8.0_121/db/lib/derby.jar
java.vendor=Oracle Corporation
java.runtime.version=1.8.0_121-b13
user.dir=C:\Program Files\Java\jdk1.8.0_121\db
os.name=Windows 10
os.arch=amd64
os.version=10.0
derby.system.home=C:\Users\Laura\Desktop\Facoltà\AMM\milestone4\progettoAMM\NerdBook\web\WEB-INF\db
Programma di caricamento classe database avviato - derby.database.classpath=''
----------------------------------------------------------------
Sat Jun 03 12:13:58 CEST 2017:
Avvio della versione di Derby The Apache Software Foundation - Apache Derby - 10.11.1.2 - (1629631): istanza 9ac8804c-015c-6d31-9b89-ffff87c02619
sulla directory di database C:\Users\Laura\Desktop\Facoltà\AMM\milestone4\progettoAMM\NerdBook\web\WEB-INF\db\gato con caricatore classi sun.misc.Launcher$AppClassLoader@6f94fa3e 
Caricato da file:/C:/Program%20Files/Java/jdk1.8.0_121/db/lib/derby.jar
java.vendor=Oracle Corporation
java.runtime.version=1.8.0_121-b13
user.dir=C:\Program Files\Java\jdk1.8.0_121\db
os.name=Windows 10
os.arch=amd64
os.version=10.0
derby.system.home=C:\Users\Laura\Desktop\Facoltà\AMM\milestone4\progettoAMM\NerdBook\web\WEB-INF\db
Programma di caricamento classe database avviato - derby.database.classpath=''
----------------------------------------------------------------
Sat Jun 03 12:14:16 CEST 2017:
Arresto dell'istanza 9ac8804c-015c-6d31-9b89-ffff87c02619 nella directory del database C:\Users\Laura\Desktop\Facoltà\AMM\milestone4\progettoAMM\NerdBook\web\WEB-INF\db\gato con il caricatore di classi sun.misc.Launcher$AppClassLoader@6f94fa3e 
Sat Jun 03 12:14:16 CEST 2017 Thread[DRDAConnThread_4,5,main] (DATABASE = gato), (DRDAID = {3}), Chiusura del database 'gato'.
----------------------------------------------------------------
Sat Jun 03 12:14:22 CEST 2017:
Avvio della versione di Derby The Apache Software Foundation - Apache Derby - 10.11.1.2 - (1629631): istanza 629f40ea-015c-6d31-9b89-ffff87c02619
sulla directory di database C:\Users\Laura\Desktop\Facoltà\AMM\milestone4\progettoAMM\NerdBook\web\WEB-INF\db\gato con caricatore classi sun.misc.Launcher$AppClassLoader@6f94fa3e 
Caricato da file:/C:/Program%20Files/Java/jdk1.8.0_121/db/lib/derby.jar
java.vendor=Oracle Corporation
java.runtime.version=1.8.0_121-b13
user.dir=C:\Program Files\Java\jdk1.8.0_121\db
os.name=Windows 10
os.arch=amd64
os.version=10.0
derby.system.home=C:\Users\Laura\Desktop\Facoltà\AMM\milestone4\progettoAMM\NerdBook\web\WEB-INF\db
Programma di caricamento classe database avviato - derby.database.classpath=''
----------------------------------------------------------------
Sat Jun 03 14:51:41 CEST 2017:
Avvio della versione di Derby The Apache Software Foundation - Apache Derby - 10.11.1.2 - (1629631): istanza 3de341b7-015c-6d31-9b89-ffff87c02619
sulla directory di database C:\Users\Laura\Desktop\Facoltà\AMM\milestone4\progettoAMM\NerdBook\web\WEB-INF\db\ammdb1 con caricatore classi sun.misc.Launcher$AppClassLoader@6f94fa3e 
Caricato da file:/C:/Program%20Files/Java/jdk1.8.0_121/db/lib/derby.jar
java.vendor=Oracle Corporation
java.runtime.version=1.8.0_121-b13
user.dir=C:\Program Files\Java\jdk1.8.0_121\db
os.name=Windows 10
os.arch=amd64
os.version=10.0
derby.system.home=C:\Users\Laura\Desktop\Facoltà\AMM\milestone4\progettoAMM\NerdBook\web\WEB-INF\db
Programma di caricamento classe database avviato - derby.database.classpath=''
----------------------------------------------------------------
Sat Jun 03 14:51:56 CEST 2017:
Arresto dell'istanza 3de341b7-015c-6d31-9b89-ffff87c02619 nella directory del database C:\Users\Laura\Desktop\Facoltà\AMM\milestone4\progettoAMM\NerdBook\web\WEB-INF\db\ammdb1 con il caricatore di classi sun.misc.Launcher$AppClassLoader@6f94fa3e 
Sat Jun 03 14:51:56 CEST 2017 Thread[DRDAConnThread_4,5,main] (DATABASE = ammdb1), (DRDAID = {6}), Chiusura del database 'ammdb1'.
----------------------------------------------------------------
Sat Jun 03 14:52:05 CEST 2017:
Avvio della versione di Derby The Apache Software Foundation - Apache Derby - 10.11.1.2 - (1629631): istanza edbc8255-015c-6d31-9b89-ffff87c02619
sulla directory di database C:\Users\Laura\Desktop\Facoltà\AMM\milestone4\progettoAMM\NerdBook\web\WEB-INF\db\ammdb1 con caricatore classi sun.misc.Launcher$AppClassLoader@6f94fa3e 
Caricato da file:/C:/Program%20Files/Java/jdk1.8.0_121/db/lib/derby.jar
java.vendor=Oracle Corporation
java.runtime.version=1.8.0_121-b13
user.dir=C:\Program Files\Java\jdk1.8.0_121\db
os.name=Windows 10
os.arch=amd64
os.version=10.0
derby.system.home=C:\Users\Laura\Desktop\Facoltà\AMM\milestone4\progettoAMM\NerdBook\web\WEB-INF\db
Programma di caricamento classe database avviato - derby.database.classpath=''
----------------------------------------------------------------
Sat Jun 03 16:12:06 CEST 2017: arresto in corso del motore di Derby
